Sending board to client: 6x6, size=36, fd=6
Board data to send: ##.####C.....
Sending board to client: 6x6, size=36, fd=6
Board data to send: ##.####C.....
Sending board to client: 6x6, size=36, fd=6
Board data to send: ##.####C.....
Sending board to client: 6x6, size=36, fd=6
Board data to send: ##.####C.....
Sending board to client: 6x6, size=36, fd=6
Board data to send: ##.####C.....
Sending board to client: 6x6, size=36, fd=6
Board data to send: ##.####C.....
Sending board to client: 6x6, size=36, fd=6
Board data to send: ##.####C.....
Sending board to client: 6x6, size=36, fd=6
Board data to send: ##.####C.....
Sending board to client: 6x6, size=36, fd=6
Board data to send: ##.####C.....
Sending board to client: 6x6, size=36, fd=6
Board data to send: ##.####C.....
Sending board to client: 6x6, size=36, fd=6
Board data to send: ##.####......
Sending board to client: 6x6, size=36, fd=6
Board data to send: ##.####......
Sending board to client: 6x6, size=36, fd=6
Board data to send: ##.####......
Sending board to client: 6x6, size=36, fd=6
Board data to send: ##.####......
Sending board to client: 6x6, size=36, fd=6
Board data to send: ##.####......
Sending board to client: 6x6, size=36, fd=6
Board data to send: ##.####......
Sending board to client: 6x6, size=36, fd=6
Board data to send: ##.####......
Sending board to client: 6x6, size=36, fd=6
Board data to send: ##.####......
Sending board to client: 6x6, size=36, fd=6
Board data to send: ##.####......
Sending board to client: 6x6, size=36, fd=6
Board data to send: ##.####......
Sending board to client: 6x6, size=36, fd=6
Board data to send: ##.####......
Sending board to client: 6x6, size=36, fd=6
Board data to send: ##.####......
Sending board to client: 6x6, size=36, fd=6
Board data to send: ##.####......
Sending board to client: 6x6, size=36, fd=6
Board data to send: ##.####......
Sending board to client: 6x6, size=36, fd=6
Board data to send: ##.####......
Sending board to client: 6x6, size=36, fd=6
Board data to send: ##.####......
Sending board to client: 6x6, size=36, fd=6
Board data to send: ##.####......
Sending board to client: 6x6, size=36, fd=6
Board data to send: ##.####......
Sending board to client: 6x6, size=36, fd=6
Board data to send: ##.####......
Sending board to client: 6x6, size=36, fd=6
Board data to send: ##.####......
Sending board to client: 6x6, size=36, fd=6
Board data to send: ##.####......
Sending board to client: 6x6, size=36, fd=6
Board data to send: ##.####......
Sending board to client: 6x6, size=36, fd=6
Board data to send: ##.####......
Sending board to client: 6x6, size=36, fd=6
Board data to send: ##.####......
Sending board to client: 6x6, size=36, fd=6
Board data to send: ##.####......
Sending board to client: 6x6, size=36, fd=6
Board data to send: ##.####......
Sending board to client: 6x6, size=36, fd=6
Board data to send: ##.####......
Sending board to client: 6x6, size=36, fd=6
Board data to send: ##.####......
Sending board to client: 6x6, size=36, fd=6
Board data to send: ##.####......
Sending board to client: 6x6, size=36, fd=6
Board data to send: ##.####......
Sending board to client: 6x6, size=36, fd=6
Board data to send: ##.####......
Sending board to client: 6x6, size=36, fd=6
Board data to send: ##.####......
Sending board to client: 6x6, size=36, fd=6
Board data to send: ##.####......
Sending board to client: 6x6, size=36, fd=6
Board data to send: ##.####......
Sending board to client: 6x6, size=36, fd=6
Board data to send: ##.####......
Sending board to client: 6x6, size=36, fd=6
Board data to send: ##.####......
Sending board to client: 6x6, size=36, fd=6
Board data to send: ##.####......
Sending board to client: 6x6, size=36, fd=6
Board data to send: ##.####......
Sending board to client: 6x6, size=36, fd=6
Board data to send: ##.####......
Sending board to client: 6x6, size=36, fd=6
Board data to send: ##.####......
Sending board to client: 6x6, size=36, fd=6
Board data to send: ##.####......
Sending board to client: 6x6, size=36, fd=6
Board data to send: ##.####......
Sending board to client: 6x6, size=36, fd=6
Board data to send: ##.####......
Sending board to client: 6x6, size=36, fd=6
Board data to send: ##.####......
Sending board to client: 6x6, size=36, fd=6
Board data to send: ##.####......
Sending board to client: 6x6, size=36, fd=6
Board data to send: ##.####......
Sending board to client: 6x6, size=36, fd=6
Board data to send: ##.####......
Sending board to client: 6x6, size=36, fd=6
Board data to send: ##.####......
Sending board to client: 6x6, size=36, fd=6
Board data to send: ##.####......
Sending board to client: 6x6, size=36, fd=6
Board data to send: ##.####......
Sending board to client: 6x6, size=36, fd=6
Board data to send: ##.####......
Sending board to client: 6x6, size=36, fd=6
Board data to send: ##.####......
Sending board to client: 6x6, size=36, fd=6
Board data to send: ##.####......
Sending board to client: 6x6, size=36, fd=6
Board data to send: ##.####......
Sending board to client: 6x6, size=36, fd=6
Board data to send: ##.####......
Sending board to client: 6x6, size=36, fd=6
Board data to send: ##.####......
Sending board to client: 6x6, size=36, fd=6
Board data to send: ##.####......
Sending board to client: 6x6, size=36, fd=6
Board data to send: ##.####......
Sending board to client: 6x6, size=36, fd=6
Board data to send: ##.####......
Sending board to client: 6x6, size=36, fd=6
Board data to send: ##.####......
Sending board to client: 6x6, size=36, fd=6
Board data to send: ##.####......
Sending board to client: 6x6, size=36, fd=6
Board data to send: ##.####......
Sending board to client: 6x6, size=36, fd=6
Board data to send: ##.####......
Sending board to client: 6x6, size=36, fd=6
Board data to send: ##.####......
Sending board to client: 6x6, size=36, fd=6
Board data to send: ##.####......
Sending board to client: 6x6, size=36, fd=6
Board data to send: ##.####......
Sending board to client: 6x6, size=36, fd=6
Board data to send: ##.####......
Sending board to client: 6x6, size=36, fd=6
Board data to send: ##.####......
Sending board to client: 6x6, size=36, fd=6
Board data to send: ##.####......
Sending board to client: 6x6, size=36, fd=6
Board data to send: ##.####......
Sending board to client: 6x6, size=36, fd=6
Board data to send: ##.####......
Sending board to client: 6x6, size=36, fd=6
Board data to send: ##.####......
Sending board to client: 6x6, size=36, fd=6
Board data to send: ##.####......
Sending board to client: 6x6, size=36, fd=6
Board data to send: ##.####......
Sending board to client: 6x6, size=36, fd=6
Board data to send: ##.####......
Sending board to client: 6x6, size=36, fd=6
Board data to send: ##.####......
Sending board to client: 6x6, size=36, fd=6
Board data to send: ##.####......
Sending board to client: 6x6, size=36, fd=6
Board data to send: ##.####......
Sending board to client: 6x6, size=36, fd=6
Board data to send: ##.####......
Sending board to client: 6x6, size=36, fd=6
Board data to send: ##.####......
Sending board to client: 6x6, size=36, fd=6
Board data to send: ##.####......
Sending board to client: 6x6, size=36, fd=6
Board data to send: ##.####......
Sending board to client: 6x6, size=36, fd=6
Board data to send: ##.####......
Sending board to client: 6x6, size=36, fd=6
Board data to send: ##.####......
Sending board to client: 6x6, size=36, fd=6
Board data to send: ##.####......
Sending board to client: 6x6, size=36, fd=6
Board data to send: ##.####......
Sending board to client: 6x6, size=36, fd=6
Board data to send: ##.####......
Sending board to client: 6x6, size=36, fd=6
Board data to send: ##.####......
Sending board to client: 6x6, size=36, fd=6
Board data to send: ##.####..C...
Sending board to client: 6x6, size=36, fd=6
Board data to send: ##.####..C...
Sending board to client: 6x6, size=36, fd=6
Board data to send: ##.####..C...
Sending board to client: 6x6, size=36, fd=6
Board data to send: ##.####..C...
Sending board to client: 6x6, size=36, fd=6
Board data to send: ##.####..C...
Sending board to client: 6x6, size=36, fd=6
Board data to send: ##.####..C...
Sending board to client: 6x6, size=36, fd=6
Board data to send: ##.####..C...
Sending board to client: 6x6, size=36, fd=6
Board data to send: ##.####..C...
Sending board to client: 6x6, size=36, fd=6
Board data to send: ##.####..C...
Sending board to client: 6x6, size=36, fd=6
Board data to send: ##.####..C...
Sending board to client: 6x6, size=36, fd=6
Board data to send: ##.####.. ...
Sending board to client: 6x6, size=36, fd=6
Board data to send: ##.####.. ...
Sending board to client: 6x6, size=36, fd=6
Board data to send: ##.####.. ...
Sending board to client: 6x6, size=36, fd=6
Board data to send: ##.####.. ...
Sending board to client: 6x6, size=36, fd=6
Board data to send: ##.####.. ...
Sending board to client: 6x6, size=36, fd=6
Board data to send: ##.####.. ...
Sending board to client: 6x6, size=36, fd=6
Board data to send: ##.####.. ...
Sending board to client: 6x6, size=36, fd=6
Board data to send: ##.####.. ...
Sending board to client: 6x6, size=36, fd=6
Board data to send: ##.####.. ...
Sending board to client: 6x6, size=36, fd=6
Board data to send: ##.####.. ...
Sending board to client: 6x6, size=36, fd=6
Board data to send: ##.####.. ...
Sending board to client: 6x6, size=36, fd=6
Board data to send: ##.####.. ...
Sending board to client: 6x6, size=36, fd=6
Board data to send: ##.####.. ...
Sending board to client: 6x6, size=36, fd=6
Board data to send: ##.####.. ...
Sending board to client: 6x6, size=36, fd=6
Board data to send: ##.####.. ...
Sending board to client: 6x6, size=36, fd=6
Board data to send: ##.####.. ...
Sending board to client: 6x6, size=36, fd=6
Board data to send: ##.####.. ...
Sending board to client: 6x6, size=36, fd=6
Board data to send: ##.####.. ...
Sending board to client: 6x6, size=36, fd=6
Board data to send: ##.####.. ...
Sending board to client: 6x6, size=36, fd=6
Board data to send: ##.####.. ...
Sending board to client: 6x6, size=36, fd=6
Board data to send: ##.####.. ...
Sending board to client: 6x6, size=36, fd=6
Board data to send: ##.####.. ...
Sending board to client: 6x6, size=36, fd=6
Board data to send: ##.####.. ...
Sending board to client: 6x6, size=36, fd=6
Board data to send: ##.####.. ...
Sending board to client: 6x6, size=36, fd=6
Board data to send: ##.####.. ...
Sending board to client: 6x6, size=36, fd=6
Board data to send: ##.####.. ...
Sending board to client: 6x6, size=36, fd=6
Board data to send: ##.####.. ...
Sending board to client: 6x6, size=36, fd=6
Board data to send: ##.####.. ...
Sending board to client: 6x6, size=36, fd=6
Board data to send: ##.####.. ...
Sending board to client: 6x6, size=36, fd=6
Board data to send: ##.####.. ...
Sending board to client: 6x6, size=36, fd=6
Board data to send: ##.####.. ...
Sending board to client: 6x6, size=36, fd=6
Board data to send: ##.####.. ...
Sending board to client: 6x6, size=36, fd=6
Board data to send: ##.####.. ...
Sending board to client: 6x6, size=36, fd=6
Board data to send: ##.####.. ...
Sending board to client: 6x6, size=36, fd=6
Board data to send: ##.####.. ...
Sending board to client: 6x6, size=36, fd=6
Board data to send: ##.####.. ...
Sending board to client: 6x6, size=36, fd=6
Board data to send: ##.####.. ...
Sending board to client: 6x6, size=36, fd=6
Board data to send: ##.####.. ...
Sending board to client: 6x6, size=36, fd=6
Board data to send: ##.####.. ...
Sending board to client: 6x6, size=36, fd=6
Board data to send: ##.####.. ...
Sending board to client: 6x6, size=36, fd=6
Board data to send: ##.####C.....
Sending board to client: 6x6, size=36, fd=6
Board data to send: ##.####C.....
Sending board to client: 6x6, size=36, fd=6
Board data to send: ##.####......
Sending board to client: 6x6, size=36, fd=6
Board data to send: ##.####......
Sending board to client: 6x6, size=36, fd=6
Board data to send: ##.####......
Sending board to client: 6x6, size=36, fd=6
Board data to send: ##.####......
Sending board to client: 6x6, size=36, fd=6
Board data to send: ##.####......
Sending board to client: 6x6, size=36, fd=6
Board data to send: ##.####......
Sending board to client: 6x6, size=36, fd=6
Board data to send: ##.####......
Sending board to client: 6x6, size=36, fd=6
Board data to send: ##.####......
Sending board to client: 6x6, size=36, fd=6
Board data to send: ##.####......
Sending board to client: 6x6, size=36, fd=6
Board data to send: ##.####......
Sending board to client: 6x6, size=36, fd=6
Board data to send: ##.####......
Sending board to client: 6x6, size=36, fd=6
Board data to send: ##.####......
Sending board to client: 6x6, size=36, fd=6
Board data to send: ##.####......
Sending board to client: 6x6, size=36, fd=6
Board data to send: ##.####......
Sending board to client: 6x6, size=36, fd=6
Board data to send: ##.####......
Sending board to client: 6x6, size=36, fd=6
Board data to send: ##.####......
Sending board to client: 6x6, size=36, fd=6
Board data to send: ##.####......
Sending board to client: 6x6, size=36, fd=6
Board data to send: ##.####......
Sending board to client: 6x6, size=36, fd=6
Board data to send: ##.####......
Sending board to client: 6x6, size=36, fd=6
Board data to send: ##.####......
Sending board to client: 6x6, size=36, fd=6
Board data to send: ##.####......
Sending board to client: 6x6, size=36, fd=6
Board data to send: ##.####......
Sending board to client: 6x6, size=36, fd=6
Board data to send: ##.####C.....
Sending board to client: 6x6, size=36, fd=6
Board data to send: ##.####C.....
Sending board to client: 6x6, size=36, fd=6
Board data to send: ##.####C.....
Sending board to client: 6x6, size=36, fd=6
Board data to send: ##.####C.....
Killing 0 pacman

Sending board to client: 6x6, size=36, fd=6
Board data to send: ##.#### .....
