Sending board to client: 6x6, size=36, fd=5
Board data to send: ##.####......
Sending board to client: 6x6, size=36, fd=5
Board data to send: ##.####......
Sending board to client: 6x6, size=36, fd=5
Board data to send: ##.####......
Sending board to client: 6x6, size=36, fd=5
Board data to send: ##.####......
Sending board to client: 6x6, size=36, fd=5
Board data to send: ##.####......
Sending board to client: 6x6, size=36, fd=5
Board data to send: ##.####......
Sending board to client: 6x6, size=36, fd=5
Board data to send: ##.####......
Sending board to client: 6x6, size=36, fd=5
Board data to send: ##.####......
Sending board to client: 6x6, size=36, fd=5
Board data to send: ##.####......
Sending board to client: 6x6, size=36, fd=5
Board data to send: ##.####......
Sending board to client: 6x6, size=36, fd=5
Board data to send: ##.####......
Sending board to client: 6x6, size=36, fd=5
Board data to send: ##.####......
Sending board to client: 6x6, size=36, fd=5
Board data to send: ##.####......
Sending board to client: 6x6, size=36, fd=5
Board data to send: ##.####......
Sending board to client: 6x6, size=36, fd=5
Board data to send: ##.####......
Sending board to client: 6x6, size=36, fd=5
Board data to send: ##.####......
Sending board to client: 6x6, size=36, fd=5
Board data to send: ##.####......
Sending board to client: 6x6, size=36, fd=5
Board data to send: ##.####......
Sending board to client: 6x6, size=36, fd=5
Board data to send: ##.####......
Sending board to client: 6x6, size=36, fd=5
Board data to send: ##.####......
Sending board to client: 6x6, size=36, fd=5
Board data to send: ##.####......
Sending board to client: 6x6, size=36, fd=5
Board data to send: ##.####......
Sending board to client: 6x6, size=36, fd=5
Board data to send: ##.####......
Sending board to client: 6x6, size=36, fd=5
Board data to send: ##.####......
Sending board to client: 6x6, size=36, fd=5
Board data to send: ##.####......
Sending board to client: 6x6, size=36, fd=5
Board data to send: ##.####......
Sending board to client: 6x6, size=36, fd=5
Board data to send: ##.####......
Sending board to client: 6x6, size=36, fd=5
Board data to send: ##.####......
Sending board to client: 6x6, size=36, fd=5
Board data to send: ##.####......
Sending board to client: 6x6, size=36, fd=5
Board data to send: ##.####......
Sending board to client: 6x6, size=36, fd=5
Board data to send: ##.####......
Sending board to client: 6x6, size=36, fd=5
Board data to send: ##.####......
Sending board to client: 6x6, size=36, fd=5
Board data to send: ##.####......
Sending board to client: 6x6, size=36, fd=5
Board data to send: ##.####......
Sending board to client: 6x6, size=36, fd=5
Board data to send: ##.####......
Sending board to client: 6x6, size=36, fd=5
Board data to send: ##.####......
Sending board to client: 6x6, size=36, fd=5
Board data to send: ##.####......
Sending board to client: 6x6, size=36, fd=5
Board data to send: ##.####......
Sending board to client: 6x6, size=36, fd=5
Board data to send: ##.####......
Sending board to client: 6x6, size=36, fd=5
Board data to send: ##.####......
Sending board to client: 6x6, size=36, fd=5
Board data to send: ##.####......
Sending board to client: 6x6, size=36, fd=5
Board data to send: ##.####......
Sending board to client: 6x6, size=36, fd=5
Board data to send: ##.####......
Sending board to client: 6x6, size=36, fd=5
Board data to send: ##.####......
Sending board to client: 6x6, size=36, fd=5
Board data to send: ##.####......
Sending board to client: 6x6, size=36, fd=5
Board data to send: ##.####......
Sending board to client: 6x6, size=36, fd=5
Board data to send: ##.####......
Sending board to client: 6x6, size=36, fd=5
Board data to send: ##.####......
Sending board to client: 6x6, size=36, fd=5
Board data to send: ##.####......
Sending board to client: 6x6, size=36, fd=5
Board data to send: ##.####......
Sending board to client: 6x6, size=36, fd=5
Board data to send: ##.####......
Sending board to client: 6x6, size=36, fd=5
Board data to send: ##.####......
Sending board to client: 6x6, size=36, fd=5
Board data to send: ##.####......
Sending board to client: 6x6, size=36, fd=5
Board data to send: ##.####......
Sending board to client: 6x6, size=36, fd=5
Board data to send: ##.####......
Sending board to client: 6x6, size=36, fd=5
Board data to send: ##.####......
Sending board to client: 6x6, size=36, fd=5
Board data to send: ##.####......
Sending board to client: 6x6, size=36, fd=5
Board data to send: ##.####......
Sending board to client: 6x6, size=36, fd=5
Board data to send: ##.####......
Sending board to client: 6x6, size=36, fd=5
Board data to send: ##.####......
Sending board to client: 6x6, size=36, fd=5
Board data to send: ##.####..C...
Sending board to client: 6x6, size=36, fd=5
Board data to send: ##.####..C...
Sending board to client: 6x6, size=36, fd=5
Board data to send: ##.####..C...
Sending board to client: 6x6, size=36, fd=5
Board data to send: ##.####..C...
Sending board to client: 6x6, size=36, fd=5
Board data to send: ##.####..C...
Sending board to client: 6x6, size=36, fd=5
Board data to send: ##.####..C...
Sending board to client: 6x6, size=36, fd=5
Board data to send: ##.####..C...
Sending board to client: 6x6, size=36, fd=5
Board data to send: ##.####..C...
Sending board to client: 6x6, size=36, fd=5
Board data to send: ##.####..C...
Sending board to client: 6x6, size=36, fd=5
Board data to send: ##.####..C...
Sending board to client: 6x6, size=36, fd=5
Board data to send: ##.####..C...
Sending board to client: 6x6, size=36, fd=5
Board data to send: ##.####..C...
Sending board to client: 6x6, size=36, fd=5
Board data to send: ##.####..C...
Sending board to client: 6x6, size=36, fd=5
Board data to send: ##.####..C...
Sending board to client: 6x6, size=36, fd=5
Board data to send: ##.####..C...
Sending board to client: 6x6, size=36, fd=5
Board data to send: ##.####..C...
Sending board to client: 6x6, size=36, fd=5
Board data to send: ##.####..C...
Sending board to client: 6x6, size=36, fd=5
Board data to send: ##.####..C...
Sending board to client: 6x6, size=36, fd=5
Board data to send: ##.####..C...
Sending board to client: 6x6, size=36, fd=5
Board data to send: ##.####..C...
Sending board to client: 6x6, size=36, fd=5
Board data to send: ##.####.. ...
Sending board to client: 6x6, size=36, fd=5
Board data to send: ##.####.. ...
Sending board to client: 6x6, size=36, fd=5
Board data to send: ##.####.. ...
Sending board to client: 6x6, size=36, fd=5
Board data to send: ##.####.. ...
Sending board to client: 6x6, size=36, fd=5
Board data to send: ##.####.. ...
Sending board to client: 6x6, size=36, fd=5
Board data to send: ##.####.. ...
Sending board to client: 6x6, size=36, fd=5
Board data to send: ##.####.. ...
Sending board to client: 6x6, size=36, fd=5
Board data to send: ##.####.. ...
Sending board to client: 6x6, size=36, fd=5
Board data to send: ##.####.. ...
Sending board to client: 6x6, size=36, fd=5
Board data to send: ##.####.. ...
Sending board to client: 6x6, size=36, fd=5
Board data to send: ##.####.. ...
Sending board to client: 6x6, size=36, fd=5
Board data to send: ##.####.. ...
Sending board to client: 6x6, size=36, fd=5
Board data to send: ##.####.. ...
Sending board to client: 6x6, size=36, fd=5
Board data to send: ##.####.. ...
Sending board to client: 6x6, size=36, fd=5
Board data to send: ##.####.. ...
Sending board to client: 6x6, size=36, fd=5
Board data to send: ##.####.. ...
Sending board to client: 6x6, size=36, fd=5
Board data to send: ##.####.. ...
Sending board to client: 6x6, size=36, fd=5
Board data to send: ##.####.. ...
Sending board to client: 6x6, size=36, fd=5
Board data to send: ##.####.. ...
Sending board to client: 6x6, size=36, fd=5
Board data to send: ##.####.. ...
Sending board to client: 6x6, size=36, fd=5
Board data to send: ##.####.. ...
Sending board to client: 6x6, size=36, fd=5
Board data to send: ##.####.. ...
Sending board to client: 6x6, size=36, fd=5
Board data to send: ##.####.. ...
Sending board to client: 6x6, size=36, fd=5
Board data to send: ##.####.. ...
Sending board to client: 6x6, size=36, fd=5
Board data to send: ##.####.. ...
Sending board to client: 6x6, size=36, fd=5
Board data to send: ##.####.. ...
Sending board to client: 6x6, size=36, fd=5
Board data to send: ##.####.. ...
Sending board to client: 6x6, size=36, fd=5
Board data to send: ##.####.. ...
Sending board to client: 6x6, size=36, fd=5
Board data to send: ##.####.. ...
Sending board to client: 6x6, size=36, fd=5
Board data to send: ##.####.. ...
Sending board to client: 6x6, size=36, fd=5
Board data to send: ##.####.. ...
Sending board to client: 6x6, size=36, fd=5
Board data to send: ##.####.. ...
Sending board to client: 6x6, size=36, fd=5
Board data to send: ##.####.. ...
Sending board to client: 6x6, size=36, fd=5
Board data to send: ##.####.. ...
Sending board to client: 6x6, size=36, fd=5
Board data to send: ##.####.. ...
Sending board to client: 6x6, size=36, fd=5
Board data to send: ##.####.. ...
Sending board to client: 6x6, size=36, fd=5
Board data to send: ##.####.. ...
Sending board to client: 6x6, size=36, fd=5
Board data to send: ##.####.. ...
Sending board to client: 6x6, size=36, fd=5
Board data to send: ##.####.. ...
Sending board to client: 6x6, size=36, fd=5
Board data to send: ##.####.. ...
Sending board to client: 6x6, size=36, fd=5
Board data to send: ##.####.. ...
Sending board to client: 6x6, size=36, fd=5
Board data to send: ##.####C.....
Sending board to client: 6x6, size=36, fd=5
Board data to send: ##.####C.....
Sending board to client: 6x6, size=36, fd=5
Board data to send: ##.####C.....
Sending board to client: 6x6, size=36, fd=5
Board data to send: ##.####C.....
Sending board to client: 6x6, size=36, fd=5
Board data to send: ##.####C.....
Sending board to client: 6x6, size=36, fd=5
Board data to send: ##.####C.....
Sending board to client: 6x6, size=36, fd=5
Board data to send: ##.####C.....
Sending board to client: 6x6, size=36, fd=5
Board data to send: ##.####C.....
Sending board to client: 6x6, size=36, fd=5
Board data to send: ##.####C.....
Sending board to client: 6x6, size=36, fd=5
Board data to send: ##.####C.....
Sending board to client: 6x6, size=36, fd=5
Board data to send: ##.####C.....
Sending board to client: 6x6, size=36, fd=5
Board data to send: ##.####C.....
Sending board to client: 6x6, size=36, fd=5
Board data to send: ##.####C.....
Sending board to client: 6x6, size=36, fd=5
Board data to send: ##.####C.....
Sending board to client: 6x6, size=36, fd=5
Board data to send: ##.####C.....
Sending board to client: 6x6, size=36, fd=5
Board data to send: ##.####C.....
Sending board to client: 6x6, size=36, fd=5
Board data to send: ##.####C.....
Sending board to client: 6x6, size=36, fd=5
Board data to send: ##.####C.....
Sending board to client: 6x6, size=36, fd=5
Board data to send: ##.####C.....
Sending board to client: 6x6, size=36, fd=5
Board data to send: ##.####C.....
Sending board to client: 6x6, size=36, fd=5
Board data to send: ##.####C.....
Sending board to client: 6x6, size=36, fd=5
Board data to send: ##.####C.....
Sending board to client: 6x6, size=36, fd=5
Board data to send: ##.####C.....
Sending board to client: 6x6, size=36, fd=5
Board data to send: ##.####C.....
Sending board to client: 6x6, size=36, fd=5
Board data to send: ##.####C.....
Sending board to client: 6x6, size=36, fd=5
Board data to send: ##.####C.....
Sending board to client: 6x6, size=36, fd=5
Board data to send: ##.####C.....
Sending board to client: 6x6, size=36, fd=5
Board data to send: ##.####C.....
Sending board to client: 6x6, size=36, fd=5
Board data to send: ##.####C.....
Sending board to client: 6x6, size=36, fd=5
Board data to send: ##.####C.....
Sending board to client: 6x6, size=36, fd=5
Board data to send: ##.####C.....
Sending board to client: 6x6, size=36, fd=5
Board data to send: ##.####C.....
Sending board to client: 6x6, size=36, fd=5
Board data to send: ##.####C.....
Sending board to client: 6x6, size=36, fd=5
Board data to send: ##.####C.....
Sending board to client: 6x6, size=36, fd=5
Board data to send: ##.####.C....
Sending board to client: 6x6, size=36, fd=5
Board data to send: ##.####.C....
Sending board to client: 6x6, size=36, fd=5
Board data to send: ##.####.C....
Sending board to client: 6x6, size=36, fd=5
Board data to send: ##.####.C....
Sending board to client: 6x6, size=36, fd=5
Board data to send: ##.####.C....
Sending board to client: 6x6, size=36, fd=5
Board data to send: ##.####.C....
Sending board to client: 6x6, size=36, fd=5
Board data to send: ##.####.C....
Sending board to client: 6x6, size=36, fd=5
Board data to send: ##.####.C....
Sending board to client: 6x6, size=36, fd=5
Board data to send: ##.####. C...
Sending board to client: 6x6, size=36, fd=5
Board data to send: ##.####. C...
Sending board to client: 6x6, size=36, fd=5
Board data to send: ##.####. C...
Sending board to client: 6x6, size=36, fd=5
Board data to send: ##.####. C...
Sending board to client: 6x6, size=36, fd=5
Board data to send: ##.####. C...
Sending board to client: 6x6, size=36, fd=5
Board data to send: ##.####. C...
Sending board to client: 6x6, size=36, fd=5
Board data to send: ##.####. C...
Sending board to client: 6x6, size=36, fd=5
Board data to send: ##.####. C...
Sending board to client: 6x6, size=36, fd=5
Board data to send: ##.####. C...
Sending board to client: 6x6, size=36, fd=5
Board data to send: ##.####. C...
Sending board to client: 6x6, size=36, fd=5
Board data to send: ##.####M C...
Sending board to client: 6x6, size=36, fd=5
Board data to send: ##.####M C...
Sending board to client: 6x6, size=36, fd=5
Board data to send: ##.####M C...
Sending board to client: 6x6, size=36, fd=5
Board data to send: ##.####M C...
Sending board to client: 6x6, size=36, fd=5
Board data to send: ##.####.M ...
Sending board to client: 6x6, size=36, fd=5
Board data to send: ##.####.M ...
Sending board to client: 6x6, size=36, fd=5
Board data to send: ##.####.M ...
Sending board to client: 6x6, size=36, fd=5
Board data to send: ##.####.M ...
Sending board to client: 6x6, size=36, fd=5
Board data to send: ##.####. M...
Sending board to client: 6x6, size=36, fd=5
Board data to send: ##.####. M...
Sending board to client: 6x6, size=36, fd=5
Board data to send: ##.####. M...
Sending board to client: 6x6, size=36, fd=5
Board data to send: ##.####. M...
Sending board to client: 6x6, size=36, fd=5
Board data to send: ##.####. M...
Sending board to client: 6x6, size=36, fd=5
Board data to send: ##.####. M...
Sending board to client: 6x6, size=36, fd=5
Board data to send: ##.####. M...
Sending board to client: 6x6, size=36, fd=5
Board data to send: ##.####. M...
Sending board to client: 6x6, size=36, fd=5
Board data to send: ##.####.M ...
Sending board to client: 6x6, size=36, fd=5
Board data to send: ##.####.M ...
Sending board to client: 6x6, size=36, fd=5
Board data to send: ##.####.M ...
Sending board to client: 6x6, size=36, fd=5
Board data to send: ##.####.M ...
Sending board to client: 6x6, size=36, fd=5
Board data to send: ##.####M  ...
Sending board to client: 6x6, size=36, fd=5
Board data to send: ##.####M  ...
Sending board to client: 6x6, size=36, fd=5
Board data to send: ##.####M  ...
Sending board to client: 6x6, size=36, fd=5
Board data to send: ##.####M  ...
Sending board to client: 6x6, size=36, fd=5
Board data to send: ##.####M  ...
Sending board to client: 6x6, size=36, fd=5
Board data to send: ##.####M  ...
Sending board to client: 6x6, size=36, fd=5
Board data to send: ##.####M  ...
Sending board to client: 6x6, size=36, fd=5
Board data to send: ##.####M  ...
Sending board to client: 6x6, size=36, fd=5
Board data to send: ##.####M  ...
Sending board to client: 6x6, size=36, fd=5
Board data to send: ##.####M  ...
Sending board to client: 6x6, size=36, fd=5
Board data to send: ##.####M  ...
Sending board to client: 6x6, size=36, fd=5
Board data to send: ##.####M  ...
Sending board to client: 6x6, size=36, fd=5
Board data to send: ##.####.M ...
Sending board to client: 6x6, size=36, fd=5
Board data to send: ##.####.M ...
Sending board to client: 6x6, size=36, fd=5
Board data to send: ##.####.M ...
